ERROR - 2025-11-15 10:58:04 --> Error connecting to the database: mysqli_sql_exception: Impossibile stabilire la connessione. Rifiuto persistente del computer di destinazione in C:\Users\fabio\PhpstormProjects\qrArt\system\Database\MySQLi\Connection.php:201
Stack trace:
#0 C:\Users\fabio\PhpstormProjects\qrArt\system\Database\MySQLi\Connection.php(201): mysqli->real_connect('localhost', 'developer.qrart', Object(SensitiveParameterValue), 'qrart', 3306, '', 0)
#1 C:\Users\fabio\PhpstormProjects\qrArt\system\Database\BaseConnection.php(419): CodeIgniter\Database\MySQLi\Connection->connect(false)
#2 C:\Users\fabio\PhpstormProjects\qrArt\system\Database\BaseConnection.php(614): CodeIgniter\Database\BaseConnection->initialize()
#3 C:\Users\fabio\PhpstormProjects\qrArt\system\Database\BaseConnection.php(1525): CodeIgniter\Database\BaseConnection->query('SHOW TABLES FRO...')
#4 C:\Users\fabio\PhpstormProjects\qrArt\system\Database\BaseConnection.php(1545): CodeIgniter\Database\BaseConnection->listTables()
#5 C:\Users\fabio\PhpstormProjects\qrArt\system\Database\MigrationRunner.php(768): CodeIgniter\Database\BaseConnection->tableExists('migrations')
#6 C:\Users\fabio\PhpstormProjects\qrArt\system\Database\MigrationRunner.php(162): CodeIgniter\Database\MigrationRunner->ensureTable()
#7 C:\Users\fabio\PhpstormProjects\qrArt\system\Commands\Database\Migrate.php(85): CodeIgniter\Database\MigrationRunner->latest(NULL)
#8 C:\Users\fabio\PhpstormProjects\qrArt\system\CLI\Commands.php(74): CodeIgniter\Commands\Database\Migrate->run(Array)
#9 C:\Users\fabio\PhpstormProjects\qrArt\system\CLI\Console.php(47): CodeIgniter\CLI\Commands->run('migrate', Array)
#10 C:\Users\fabio\PhpstormProjects\qrArt\system\Boot.php(388): CodeIgniter\CLI\Console->run()
#11 C:\Users\fabio\PhpstormProjects\qrArt\system\Boot.php(133): CodeIgniter\Boot::runCommand(Object(CodeIgniter\CLI\Console))
#12 C:\Users\fabio\PhpstormProjects\qrArt\spark(87): CodeIgniter\Boot::bootSpark(Object(Config\Paths))
#13 {main}

Next CodeIgniter\Database\Exceptions\DatabaseException: Impossibile stabilire la connessione. Rifiuto persistente del computer di destinazione in C:\Users\fabio\PhpstormProjects\qrArt\system\Database\MySQLi\Connection.php:246
Stack trace:
#0 C:\Users\fabio\PhpstormProjects\qrArt\system\Database\BaseConnection.php(419): CodeIgniter\Database\MySQLi\Connection->connect(false)
#1 C:\Users\fabio\PhpstormProjects\qrArt\system\Database\BaseConnection.php(614): CodeIgniter\Database\BaseConnection->initialize()
#2 C:\Users\fabio\PhpstormProjects\qrArt\system\Database\BaseConnection.php(1525): CodeIgniter\Database\BaseConnection->query('SHOW TABLES FRO...')
#3 C:\Users\fabio\PhpstormProjects\qrArt\system\Database\BaseConnection.php(1545): CodeIgniter\Database\BaseConnection->listTables()
#4 C:\Users\fabio\PhpstormProjects\qrArt\system\Database\MigrationRunner.php(768): CodeIgniter\Database\BaseConnection->tableExists('migrations')
#5 C:\Users\fabio\PhpstormProjects\qrArt\system\Database\MigrationRunner.php(162): CodeIgniter\Database\MigrationRunner->ensureTable()
#6 C:\Users\fabio\PhpstormProjects\qrArt\system\Commands\Database\Migrate.php(85): CodeIgniter\Database\MigrationRunner->latest(NULL)
#7 C:\Users\fabio\PhpstormProjects\qrArt\system\CLI\Commands.php(74): CodeIgniter\Commands\Database\Migrate->run(Array)
#8 C:\Users\fabio\PhpstormProjects\qrArt\system\CLI\Console.php(47): CodeIgniter\CLI\Commands->run('migrate', Array)
#9 C:\Users\fabio\PhpstormProjects\qrArt\system\Boot.php(388): CodeIgniter\CLI\Console->run()
#10 C:\Users\fabio\PhpstormProjects\qrArt\system\Boot.php(133): CodeIgniter\Boot::runCommand(Object(CodeIgniter\CLI\Console))
#11 C:\Users\fabio\PhpstormProjects\qrArt\spark(87): CodeIgniter\Boot::bootSpark(Object(Config\Paths))
#12 {main}
ERROR - 2025-11-15 10:58:24 --> Error connecting to the database: mysqli_sql_exception: Impossibile stabilire la connessione. Rifiuto persistente del computer di destinazione in C:\Users\fabio\PhpstormProjects\qrArt\system\Database\MySQLi\Connection.php:201
Stack trace:
#0 C:\Users\fabio\PhpstormProjects\qrArt\system\Database\MySQLi\Connection.php(201): mysqli->real_connect('localhost', 'developer.qrart', Object(SensitiveParameterValue), 'qrart', 3306, '', 0)
#1 C:\Users\fabio\PhpstormProjects\qrArt\system\Database\BaseConnection.php(419): CodeIgniter\Database\MySQLi\Connection->connect(false)
#2 C:\Users\fabio\PhpstormProjects\qrArt\system\Database\BaseConnection.php(614): CodeIgniter\Database\BaseConnection->initialize()
#3 C:\Users\fabio\PhpstormProjects\qrArt\system\Database\BaseConnection.php(1525): CodeIgniter\Database\BaseConnection->query('SHOW TABLES FRO...')
#4 C:\Users\fabio\PhpstormProjects\qrArt\system\Commands\Database\ShowTableInfo.php(121): CodeIgniter\Database\BaseConnection->listTables()
#5 C:\Users\fabio\PhpstormProjects\qrArt\system\CLI\Commands.php(74): CodeIgniter\Commands\Database\ShowTableInfo->run(Array)
#6 C:\Users\fabio\PhpstormProjects\qrArt\system\CLI\Console.php(47): CodeIgniter\CLI\Commands->run('db:table', Array)
#7 C:\Users\fabio\PhpstormProjects\qrArt\system\Boot.php(388): CodeIgniter\CLI\Console->run()
#8 C:\Users\fabio\PhpstormProjects\qrArt\system\Boot.php(133): CodeIgniter\Boot::runCommand(Object(CodeIgniter\CLI\Console))
#9 C:\Users\fabio\PhpstormProjects\qrArt\spark(87): CodeIgniter\Boot::bootSpark(Object(Config\Paths))
#10 {main}

Next CodeIgniter\Database\Exceptions\DatabaseException: Impossibile stabilire la connessione. Rifiuto persistente del computer di destinazione in C:\Users\fabio\PhpstormProjects\qrArt\system\Database\MySQLi\Connection.php:246
Stack trace:
#0 C:\Users\fabio\PhpstormProjects\qrArt\system\Database\BaseConnection.php(419): CodeIgniter\Database\MySQLi\Connection->connect(false)
#1 C:\Users\fabio\PhpstormProjects\qrArt\system\Database\BaseConnection.php(614): CodeIgniter\Database\BaseConnection->initialize()
#2 C:\Users\fabio\PhpstormProjects\qrArt\system\Database\BaseConnection.php(1525): CodeIgniter\Database\BaseConnection->query('SHOW TABLES FRO...')
#3 C:\Users\fabio\PhpstormProjects\qrArt\system\Commands\Database\ShowTableInfo.php(121): CodeIgniter\Database\BaseConnection->listTables()
#4 C:\Users\fabio\PhpstormProjects\qrArt\system\CLI\Commands.php(74): CodeIgniter\Commands\Database\ShowTableInfo->run(Array)
#5 C:\Users\fabio\PhpstormProjects\qrArt\system\CLI\Console.php(47): CodeIgniter\CLI\Commands->run('db:table', Array)
#6 C:\Users\fabio\PhpstormProjects\qrArt\system\Boot.php(388): CodeIgniter\CLI\Console->run()
#7 C:\Users\fabio\PhpstormProjects\qrArt\system\Boot.php(133): CodeIgniter\Boot::runCommand(Object(CodeIgniter\CLI\Console))
#8 C:\Users\fabio\PhpstormProjects\qrArt\spark(87): CodeIgniter\Boot::bootSpark(Object(Config\Paths))
#9 {main}
CRITICAL - 2025-11-15 10:58:24 --> CodeIgniter\Database\Exceptions\DatabaseException: Unable to connect to the database.
Main connection [MySQLi]: Impossibile stabilire la connessione. Rifiuto persistente del computer di destinazione
[Method: CLI, Route: db:table/qr_scans]
in SYSTEMPATH\Database\BaseConnection.php on line 465.
 1 SYSTEMPATH\Database\BaseConnection.php(614): CodeIgniter\Database\BaseConnection->initialize()
 2 SYSTEMPATH\Database\BaseConnection.php(1525): CodeIgniter\Database\BaseConnection->query('SHOW TABLES FROM `qrart`')
 3 SYSTEMPATH\Commands\Database\ShowTableInfo.php(121): CodeIgniter\Database\BaseConnection->listTables()
 4 SYSTEMPATH\CLI\Commands.php(74): CodeIgniter\Commands\Database\ShowTableInfo->run([...])
 5 SYSTEMPATH\CLI\Console.php(47): CodeIgniter\CLI\Commands->run('db:table', [...])
 6 SYSTEMPATH\Boot.php(388): CodeIgniter\CLI\Console->run()
 7 SYSTEMPATH\Boot.php(133): CodeIgniter\Boot::runCommand(Object(CodeIgniter\CLI\Console))
 8 ROOTPATH\spark(87): CodeIgniter\Boot::bootSpark(Object(Config\Paths))
ERROR - 2025-11-15 11:02:56 --> Error connecting to the database: mysqli_sql_exception: Impossibile stabilire la connessione. Rifiuto persistente del computer di destinazione in C:\Users\fabio\PhpstormProjects\qrArt\system\Database\MySQLi\Connection.php:201
Stack trace:
#0 C:\Users\fabio\PhpstormProjects\qrArt\system\Database\MySQLi\Connection.php(201): mysqli->real_connect('localhost', 'developer.qrart', Object(SensitiveParameterValue), 'qrart', 3306, '', 0)
#1 C:\Users\fabio\PhpstormProjects\qrArt\system\Database\BaseConnection.php(419): CodeIgniter\Database\MySQLi\Connection->connect(false)
#2 C:\Users\fabio\PhpstormProjects\qrArt\system\Database\BaseConnection.php(614): CodeIgniter\Database\BaseConnection->initialize()
#3 C:\Users\fabio\PhpstormProjects\qrArt\system\Database\BaseConnection.php(1525): CodeIgniter\Database\BaseConnection->query('SHOW TABLES FRO...')
#4 C:\Users\fabio\PhpstormProjects\qrArt\system\Database\BaseConnection.php(1545): CodeIgniter\Database\BaseConnection->listTables()
#5 C:\Users\fabio\PhpstormProjects\qrArt\system\Database\MigrationRunner.php(768): CodeIgniter\Database\BaseConnection->tableExists('migrations')
#6 C:\Users\fabio\PhpstormProjects\qrArt\system\Database\MigrationRunner.php(162): CodeIgniter\Database\MigrationRunner->ensureTable()
#7 C:\Users\fabio\PhpstormProjects\qrArt\system\Commands\Database\Migrate.php(85): CodeIgniter\Database\MigrationRunner->latest(NULL)
#8 C:\Users\fabio\PhpstormProjects\qrArt\system\CLI\Commands.php(74): CodeIgniter\Commands\Database\Migrate->run(Array)
#9 C:\Users\fabio\PhpstormProjects\qrArt\system\CLI\Console.php(47): CodeIgniter\CLI\Commands->run('migrate', Array)
#10 C:\Users\fabio\PhpstormProjects\qrArt\system\Boot.php(388): CodeIgniter\CLI\Console->run()
#11 C:\Users\fabio\PhpstormProjects\qrArt\system\Boot.php(133): CodeIgniter\Boot::runCommand(Object(CodeIgniter\CLI\Console))
#12 C:\Users\fabio\PhpstormProjects\qrArt\spark(87): CodeIgniter\Boot::bootSpark(Object(Config\Paths))
#13 {main}

Next CodeIgniter\Database\Exceptions\DatabaseException: Impossibile stabilire la connessione. Rifiuto persistente del computer di destinazione in C:\Users\fabio\PhpstormProjects\qrArt\system\Database\MySQLi\Connection.php:246
Stack trace:
#0 C:\Users\fabio\PhpstormProjects\qrArt\system\Database\BaseConnection.php(419): CodeIgniter\Database\MySQLi\Connection->connect(false)
#1 C:\Users\fabio\PhpstormProjects\qrArt\system\Database\BaseConnection.php(614): CodeIgniter\Database\BaseConnection->initialize()
#2 C:\Users\fabio\PhpstormProjects\qrArt\system\Database\BaseConnection.php(1525): CodeIgniter\Database\BaseConnection->query('SHOW TABLES FRO...')
#3 C:\Users\fabio\PhpstormProjects\qrArt\system\Database\BaseConnection.php(1545): CodeIgniter\Database\BaseConnection->listTables()
#4 C:\Users\fabio\PhpstormProjects\qrArt\system\Database\MigrationRunner.php(768): CodeIgniter\Database\BaseConnection->tableExists('migrations')
#5 C:\Users\fabio\PhpstormProjects\qrArt\system\Database\MigrationRunner.php(162): CodeIgniter\Database\MigrationRunner->ensureTable()
#6 C:\Users\fabio\PhpstormProjects\qrArt\system\Commands\Database\Migrate.php(85): CodeIgniter\Database\MigrationRunner->latest(NULL)
#7 C:\Users\fabio\PhpstormProjects\qrArt\system\CLI\Commands.php(74): CodeIgniter\Commands\Database\Migrate->run(Array)
#8 C:\Users\fabio\PhpstormProjects\qrArt\system\CLI\Console.php(47): CodeIgniter\CLI\Commands->run('migrate', Array)
#9 C:\Users\fabio\PhpstormProjects\qrArt\system\Boot.php(388): CodeIgniter\CLI\Console->run()
#10 C:\Users\fabio\PhpstormProjects\qrArt\system\Boot.php(133): CodeIgniter\Boot::runCommand(Object(CodeIgniter\CLI\Console))
#11 C:\Users\fabio\PhpstormProjects\qrArt\spark(87): CodeIgniter\Boot::bootSpark(Object(Config\Paths))
#12 {main}
ERROR - 2025-11-15 11:07:59 --> mysqli_sql_exception: Table 'qrart.short_urls' doesn't exist in C:\Users\fabio\PhpstormProjects\qrArt\system\Database\MySQLi\Connection.php:327
Stack trace:
#0 C:\Users\fabio\PhpstormProjects\qrArt\system\Database\MySQLi\Connection.php(327): mysqli->query('SELECT `content...', 0)
#1 C:\Users\fabio\PhpstormProjects\qrArt\system\Database\BaseConnection.php(729): CodeIgniter\Database\MySQLi\Connection->execute('SELECT `content...')
#2 C:\Users\fabio\PhpstormProjects\qrArt\system\Database\BaseConnection.php(646): CodeIgniter\Database\BaseConnection->simpleQuery('SELECT `content...')
#3 C:\Users\fabio\PhpstormProjects\qrArt\system\Database\BaseBuilder.php(1649): CodeIgniter\Database\BaseConnection->query('SELECT `content...', Array, false)
#4 C:\Users\fabio\PhpstormProjects\qrArt\system\Model.php(286): CodeIgniter\Database\BaseBuilder->get()
#5 C:\Users\fabio\PhpstormProjects\qrArt\system\BaseModel.php(677): CodeIgniter\Model->doFindAll(0, 0)
#6 C:\Users\fabio\PhpstormProjects\qrArt\app\Models\ContentModel.php(159): CodeIgniter\BaseModel->findAll()
#7 C:\Users\fabio\PhpstormProjects\qrArt\app\Controllers\ContentController.php(190): App\Models\ContentModel->getAllContents()
#8 C:\Users\fabio\PhpstormProjects\qrArt\system\CodeIgniter.php(933): App\Controllers\ContentController->list()
#9 C:\Users\fabio\PhpstormProjects\qrArt\system\CodeIgniter.php(507): CodeIgniter\CodeIgniter->runController(Object(App\Controllers\ContentController))
#10 C:\Users\fabio\PhpstormProjects\qrArt\system\CodeIgniter.php(354): CodeIgniter\CodeIgniter->handleRequest(NULL, Object(Config\Cache), false)
#11 C:\Users\fabio\PhpstormProjects\qrArt\system\Boot.php(363): CodeIgniter\CodeIgniter->run()
#12 C:\Users\fabio\PhpstormProjects\qrArt\system\Boot.php(68): CodeIgniter\Boot::runCodeIgniter(Object(CodeIgniter\CodeIgniter))
#13 C:\Users\fabio\PhpstormProjects\qrArt\public\index.php(56): CodeIgniter\Boot::bootWeb(Object(Config\Paths))
#14 C:\Users\fabio\PhpstormProjects\qrArt\system\rewrite.php(44): require_once('C:\\Users\\fabio\\...')
#15 {main}
DEBUG - 2025-11-15 11:08:40 --> Content-Type: multipart/form-data; boundary=----WebKitFormBoundaryA41GhprVHRWdsLHh
DEBUG - 2025-11-15 11:08:40 --> Is Multipart: yes
DEBUG - 2025-11-15 11:08:40 --> Form data received: {"callerName":null,"callerTitle":null,"contentName":null,"contentType":null}
DEBUG - 2025-11-15 11:08:40 --> Files received: []
ERROR - 2025-11-15 11:08:40 --> Errore in processQrArtContent: Campi obbligatori mancanti: callerName, callerTitle, contentName, contentType
