ERROR - 2025-11-05 12:54:29 --> Error connecting to the database: mysqli_sql_exception: Access denied for user 'developer.qrart'@'localhost' (using password: YES) in /home/qrart/qrArtApp/system/Database/MySQLi/Connection.php:202
Stack trace:
#0 /home/qrart/qrArtApp/system/Database/MySQLi/Connection.php(202): mysqli->real_connect()
#1 /home/qrart/qrArtApp/system/Database/BaseConnection.php(419): CodeIgniter\Database\MySQLi\Connection->connect()
#2 /home/qrart/qrArtApp/system/Database/BaseConnection.php(614): CodeIgniter\Database\BaseConnection->initialize()
#3 /home/qrart/qrArtApp/system/Database/BaseBuilder.php(1649): CodeIgniter\Database\BaseConnection->query()
#4 /home/qrart/qrArtApp/system/Model.php(286): CodeIgniter\Database\BaseBuilder->get()
#5 /home/qrart/qrArtApp/system/BaseModel.php(677): CodeIgniter\Model->doFindAll()
#6 /home/qrart/qrArtApp/app/Models/ContentModel.php(114): CodeIgniter\BaseModel->findAll()
#7 /home/qrart/qrArtApp/app/Controllers/ContentController.php(198): App\Models\ContentModel->getAllContents()
#8 /home/qrart/qrArtApp/system/CodeIgniter.php(933): App\Controllers\ContentController->list()
#9 /home/qrart/qrArtApp/system/CodeIgniter.php(507): CodeIgniter\CodeIgniter->runController()
#10 /home/qrart/qrArtApp/system/CodeIgniter.php(354): CodeIgniter\CodeIgniter->handleRequest()
#11 /home/qrart/qrArtApp/system/Boot.php(363): CodeIgniter\CodeIgniter->run()
#12 /home/qrart/qrArtApp/system/Boot.php(68): CodeIgniter\Boot::runCodeIgniter()
#13 /home/qrart/qrArtApp/public/index.php(59): CodeIgniter\Boot::bootWeb()
#14 {main}

Next CodeIgniter\Database\Exceptions\DatabaseException: Access denied for user '****'@'localhost' (using password: YES) in /home/qrart/qrArtApp/system/Database/MySQLi/Connection.php:246
Stack trace:
#0 /home/qrart/qrArtApp/system/Database/BaseConnection.php(419): CodeIgniter\Database\MySQLi\Connection->connect()
#1 /home/qrart/qrArtApp/system/Database/BaseConnection.php(614): CodeIgniter\Database\BaseConnection->initialize()
#2 /home/qrart/qrArtApp/system/Database/BaseBuilder.php(1649): CodeIgniter\Database\BaseConnection->query()
#3 /home/qrart/qrArtApp/system/Model.php(286): CodeIgniter\Database\BaseBuilder->get()
#4 /home/qrart/qrArtApp/system/BaseModel.php(677): CodeIgniter\Model->doFindAll()
#5 /home/qrart/qrArtApp/app/Models/ContentModel.php(114): CodeIgniter\BaseModel->findAll()
#6 /home/qrart/qrArtApp/app/Controllers/ContentController.php(198): App\Models\ContentModel->getAllContents()
#7 /home/qrart/qrArtApp/system/CodeIgniter.php(933): App\Controllers\ContentController->list()
#8 /home/qrart/qrArtApp/system/CodeIgniter.php(507): CodeIgniter\CodeIgniter->runController()
#9 /home/qrart/qrArtApp/system/CodeIgniter.php(354): CodeIgniter\CodeIgniter->handleRequest()
#10 /home/qrart/qrArtApp/system/Boot.php(363): CodeIgniter\CodeIgniter->run()
#11 /home/qrart/qrArtApp/system/Boot.php(68): CodeIgniter\Boot::runCodeIgniter()
#12 /home/qrart/qrArtApp/public/index.php(59): CodeIgniter\Boot::bootWeb()
#13 {main}
