ERROR - 2025-11-12 21:21:55 --> Error connecting to the database: mysqli_sql_exception: Impossibile stabilire la connessione. Rifiuto persistente del computer di destinazione in C:\Users\fabio\PhpstormProjects\qrArt\system\Database\MySQLi\Connection.php:201
Stack trace:
#0 C:\Users\fabio\PhpstormProjects\qrArt\system\Database\MySQLi\Connection.php(201): mysqli->real_connect('localhost', 'developer.qrart', Object(SensitiveParameterValue), 'qrart', 3306, '', 0)
#1 C:\Users\fabio\PhpstormProjects\qrArt\system\Database\BaseConnection.php(419): CodeIgniter\Database\MySQLi\Connection->connect(false)
#2 C:\Users\fabio\PhpstormProjects\qrArt\system\Database\BaseConnection.php(614): CodeIgniter\Database\BaseConnection->initialize()
#3 C:\Users\fabio\PhpstormProjects\qrArt\system\Database\BaseConnection.php(1525): CodeIgniter\Database\BaseConnection->query('SHOW TABLES FRO...')
#4 C:\Users\fabio\PhpstormProjects\qrArt\system\Database\BaseConnection.php(1545): CodeIgniter\Database\BaseConnection->listTables()
#5 C:\Users\fabio\PhpstormProjects\qrArt\system\Database\MigrationRunner.php(768): CodeIgniter\Database\BaseConnection->tableExists('migrations')
#6 C:\Users\fabio\PhpstormProjects\qrArt\system\Database\MigrationRunner.php(162): CodeIgniter\Database\MigrationRunner->ensureTable()
#7 C:\Users\fabio\PhpstormProjects\qrArt\system\Commands\Database\Migrate.php(85): CodeIgniter\Database\MigrationRunner->latest(NULL)
#8 C:\Users\fabio\PhpstormProjects\qrArt\system\CLI\Commands.php(74): CodeIgniter\Commands\Database\Migrate->run(Array)
#9 C:\Users\fabio\PhpstormProjects\qrArt\system\CLI\Console.php(47): CodeIgniter\CLI\Commands->run('migrate', Array)
#10 C:\Users\fabio\PhpstormProjects\qrArt\system\Boot.php(388): CodeIgniter\CLI\Console->run()
#11 C:\Users\fabio\PhpstormProjects\qrArt\system\Boot.php(133): CodeIgniter\Boot::runCommand(Object(CodeIgniter\CLI\Console))
#12 C:\Users\fabio\PhpstormProjects\qrArt\spark(87): CodeIgniter\Boot::bootSpark(Object(Config\Paths))
#13 {main}

Next CodeIgniter\Database\Exceptions\DatabaseException: Impossibile stabilire la connessione. Rifiuto persistente del computer di destinazione in C:\Users\fabio\PhpstormProjects\qrArt\system\Database\MySQLi\Connection.php:246
Stack trace:
#0 C:\Users\fabio\PhpstormProjects\qrArt\system\Database\BaseConnection.php(419): CodeIgniter\Database\MySQLi\Connection->connect(false)
#1 C:\Users\fabio\PhpstormProjects\qrArt\system\Database\BaseConnection.php(614): CodeIgniter\Database\BaseConnection->initialize()
#2 C:\Users\fabio\PhpstormProjects\qrArt\system\Database\BaseConnection.php(1525): CodeIgniter\Database\BaseConnection->query('SHOW TABLES FRO...')
#3 C:\Users\fabio\PhpstormProjects\qrArt\system\Database\BaseConnection.php(1545): CodeIgniter\Database\BaseConnection->listTables()
#4 C:\Users\fabio\PhpstormProjects\qrArt\system\Database\MigrationRunner.php(768): CodeIgniter\Database\BaseConnection->tableExists('migrations')
#5 C:\Users\fabio\PhpstormProjects\qrArt\system\Database\MigrationRunner.php(162): CodeIgniter\Database\MigrationRunner->ensureTable()
#6 C:\Users\fabio\PhpstormProjects\qrArt\system\Commands\Database\Migrate.php(85): CodeIgniter\Database\MigrationRunner->latest(NULL)
#7 C:\Users\fabio\PhpstormProjects\qrArt\system\CLI\Commands.php(74): CodeIgniter\Commands\Database\Migrate->run(Array)
#8 C:\Users\fabio\PhpstormProjects\qrArt\system\CLI\Console.php(47): CodeIgniter\CLI\Commands->run('migrate', Array)
#9 C:\Users\fabio\PhpstormProjects\qrArt\system\Boot.php(388): CodeIgniter\CLI\Console->run()
#10 C:\Users\fabio\PhpstormProjects\qrArt\system\Boot.php(133): CodeIgniter\Boot::runCommand(Object(CodeIgniter\CLI\Console))
#11 C:\Users\fabio\PhpstormProjects\qrArt\spark(87): CodeIgniter\Boot::bootSpark(Object(Config\Paths))
#12 {main}
ERROR - 2025-11-12 21:22:48 --> Error connecting to the database: mysqli_sql_exception: Impossibile stabilire la connessione. Rifiuto persistente del computer di destinazione in C:\Users\fabio\PhpstormProjects\qrArt\system\Database\MySQLi\Connection.php:201
Stack trace:
#0 C:\Users\fabio\PhpstormProjects\qrArt\system\Database\MySQLi\Connection.php(201): mysqli->real_connect('localhost', 'developer.qrart', Object(SensitiveParameterValue), 'qrart', 3306, '', 0)
#1 C:\Users\fabio\PhpstormProjects\qrArt\system\Database\BaseConnection.php(419): CodeIgniter\Database\MySQLi\Connection->connect(false)
#2 C:\Users\fabio\PhpstormProjects\qrArt\system\Database\BaseConnection.php(614): CodeIgniter\Database\BaseConnection->initialize()
#3 C:\Users\fabio\PhpstormProjects\qrArt\system\Database\BaseBuilder.php(1649): CodeIgniter\Database\BaseConnection->query('SELECT `content...', Array, false)
#4 C:\Users\fabio\PhpstormProjects\qrArt\system\Model.php(286): CodeIgniter\Database\BaseBuilder->get()
#5 C:\Users\fabio\PhpstormProjects\qrArt\system\BaseModel.php(677): CodeIgniter\Model->doFindAll(0, 0)
#6 C:\Users\fabio\PhpstormProjects\qrArt\app\Models\ContentModel.php(259): CodeIgniter\BaseModel->findAll()
#7 C:\Users\fabio\PhpstormProjects\qrArt\app\Controllers\ContentController.php(220): App\Models\ContentModel->getAllContents()
#8 C:\Users\fabio\PhpstormProjects\qrArt\system\CodeIgniter.php(933): App\Controllers\ContentController->list()
#9 C:\Users\fabio\PhpstormProjects\qrArt\system\CodeIgniter.php(507): CodeIgniter\CodeIgniter->runController(Object(App\Controllers\ContentController))
#10 C:\Users\fabio\PhpstormProjects\qrArt\system\CodeIgniter.php(354): CodeIgniter\CodeIgniter->handleRequest(NULL, Object(Config\Cache), false)
#11 C:\Users\fabio\PhpstormProjects\qrArt\system\Boot.php(363): CodeIgniter\CodeIgniter->run()
#12 C:\Users\fabio\PhpstormProjects\qrArt\system\Boot.php(68): CodeIgniter\Boot::runCodeIgniter(Object(CodeIgniter\CodeIgniter))
#13 C:\Users\fabio\PhpstormProjects\qrArt\public\index.php(56): CodeIgniter\Boot::bootWeb(Object(Config\Paths))
#14 C:\Users\fabio\PhpstormProjects\qrArt\system\rewrite.php(44): require_once('C:\\Users\\fabio\\...')
#15 {main}

Next CodeIgniter\Database\Exceptions\DatabaseException: Impossibile stabilire la connessione. Rifiuto persistente del computer di destinazione in C:\Users\fabio\PhpstormProjects\qrArt\system\Database\MySQLi\Connection.php:246
Stack trace:
#0 C:\Users\fabio\PhpstormProjects\qrArt\system\Database\BaseConnection.php(419): CodeIgniter\Database\MySQLi\Connection->connect(false)
#1 C:\Users\fabio\PhpstormProjects\qrArt\system\Database\BaseConnection.php(614): CodeIgniter\Database\BaseConnection->initialize()
#2 C:\Users\fabio\PhpstormProjects\qrArt\system\Database\BaseBuilder.php(1649): CodeIgniter\Database\BaseConnection->query('SELECT `content...', Array, false)
#3 C:\Users\fabio\PhpstormProjects\qrArt\system\Model.php(286): CodeIgniter\Database\BaseBuilder->get()
#4 C:\Users\fabio\PhpstormProjects\qrArt\system\BaseModel.php(677): CodeIgniter\Model->doFindAll(0, 0)
#5 C:\Users\fabio\PhpstormProjects\qrArt\app\Models\ContentModel.php(259): CodeIgniter\BaseModel->findAll()
#6 C:\Users\fabio\PhpstormProjects\qrArt\app\Controllers\ContentController.php(220): App\Models\ContentModel->getAllContents()
#7 C:\Users\fabio\PhpstormProjects\qrArt\system\CodeIgniter.php(933): App\Controllers\ContentController->list()
#8 C:\Users\fabio\PhpstormProjects\qrArt\system\CodeIgniter.php(507): CodeIgniter\CodeIgniter->runController(Object(App\Controllers\ContentController))
#9 C:\Users\fabio\PhpstormProjects\qrArt\system\CodeIgniter.php(354): CodeIgniter\CodeIgniter->handleRequest(NULL, Object(Config\Cache), false)
#10 C:\Users\fabio\PhpstormProjects\qrArt\system\Boot.php(363): CodeIgniter\CodeIgniter->run()
#11 C:\Users\fabio\PhpstormProjects\qrArt\system\Boot.php(68): CodeIgniter\Boot::runCodeIgniter(Object(CodeIgniter\CodeIgniter))
#12 C:\Users\fabio\PhpstormProjects\qrArt\public\index.php(56): CodeIgniter\Boot::bootWeb(Object(Config\Paths))
#13 C:\Users\fabio\PhpstormProjects\qrArt\system\rewrite.php(44): require_once('C:\\Users\\fabio\\...')
#14 {main}
ERROR - 2025-11-12 21:22:48 --> Error in list: Unable to connect to the database.
Main connection [MySQLi]: Impossibile stabilire la connessione. Rifiuto persistente del computer di destinazione
ERROR - 2025-11-12 21:49:22 --> Error connecting to the database: mysqli_sql_exception: Impossibile stabilire la connessione. Rifiuto persistente del computer di destinazione in C:\Users\fabio\PhpstormProjects\qrArt\system\Database\MySQLi\Connection.php:201
Stack trace:
#0 C:\Users\fabio\PhpstormProjects\qrArt\system\Database\MySQLi\Connection.php(201): mysqli->real_connect('localhost', 'developer.qrart', Object(SensitiveParameterValue), 'qrart', 3306, '', 0)
#1 C:\Users\fabio\PhpstormProjects\qrArt\system\Database\BaseConnection.php(419): CodeIgniter\Database\MySQLi\Connection->connect(false)
#2 C:\Users\fabio\PhpstormProjects\qrArt\system\Database\BaseConnection.php(614): CodeIgniter\Database\BaseConnection->initialize()
#3 C:\Users\fabio\PhpstormProjects\qrArt\system\Database\BaseBuilder.php(1649): CodeIgniter\Database\BaseConnection->query('SELECT `content...', Array, false)
#4 C:\Users\fabio\PhpstormProjects\qrArt\system\Model.php(286): CodeIgniter\Database\BaseBuilder->get()
#5 C:\Users\fabio\PhpstormProjects\qrArt\system\BaseModel.php(677): CodeIgniter\Model->doFindAll(0, 0)
#6 C:\Users\fabio\PhpstormProjects\qrArt\app\Models\ContentModel.php(159): CodeIgniter\BaseModel->findAll()
#7 C:\Users\fabio\PhpstormProjects\qrArt\app\Controllers\ContentController.php(190): App\Models\ContentModel->getAllContents()
#8 C:\Users\fabio\PhpstormProjects\qrArt\system\CodeIgniter.php(933): App\Controllers\ContentController->list()
#9 C:\Users\fabio\PhpstormProjects\qrArt\system\CodeIgniter.php(507): CodeIgniter\CodeIgniter->runController(Object(App\Controllers\ContentController))
#10 C:\Users\fabio\PhpstormProjects\qrArt\system\CodeIgniter.php(354): CodeIgniter\CodeIgniter->handleRequest(NULL, Object(Config\Cache), false)
#11 C:\Users\fabio\PhpstormProjects\qrArt\system\Boot.php(363): CodeIgniter\CodeIgniter->run()
#12 C:\Users\fabio\PhpstormProjects\qrArt\system\Boot.php(68): CodeIgniter\Boot::runCodeIgniter(Object(CodeIgniter\CodeIgniter))
#13 C:\Users\fabio\PhpstormProjects\qrArt\public\index.php(56): CodeIgniter\Boot::bootWeb(Object(Config\Paths))
#14 C:\Users\fabio\PhpstormProjects\qrArt\system\rewrite.php(44): require_once('C:\\Users\\fabio\\...')
#15 {main}

Next CodeIgniter\Database\Exceptions\DatabaseException: Impossibile stabilire la connessione. Rifiuto persistente del computer di destinazione in C:\Users\fabio\PhpstormProjects\qrArt\system\Database\MySQLi\Connection.php:246
Stack trace:
#0 C:\Users\fabio\PhpstormProjects\qrArt\system\Database\BaseConnection.php(419): CodeIgniter\Database\MySQLi\Connection->connect(false)
#1 C:\Users\fabio\PhpstormProjects\qrArt\system\Database\BaseConnection.php(614): CodeIgniter\Database\BaseConnection->initialize()
#2 C:\Users\fabio\PhpstormProjects\qrArt\system\Database\BaseBuilder.php(1649): CodeIgniter\Database\BaseConnection->query('SELECT `content...', Array, false)
#3 C:\Users\fabio\PhpstormProjects\qrArt\system\Model.php(286): CodeIgniter\Database\BaseBuilder->get()
#4 C:\Users\fabio\PhpstormProjects\qrArt\system\BaseModel.php(677): CodeIgniter\Model->doFindAll(0, 0)
#5 C:\Users\fabio\PhpstormProjects\qrArt\app\Models\ContentModel.php(159): CodeIgniter\BaseModel->findAll()
#6 C:\Users\fabio\PhpstormProjects\qrArt\app\Controllers\ContentController.php(190): App\Models\ContentModel->getAllContents()
#7 C:\Users\fabio\PhpstormProjects\qrArt\system\CodeIgniter.php(933): App\Controllers\ContentController->list()
#8 C:\Users\fabio\PhpstormProjects\qrArt\system\CodeIgniter.php(507): CodeIgniter\CodeIgniter->runController(Object(App\Controllers\ContentController))
#9 C:\Users\fabio\PhpstormProjects\qrArt\system\CodeIgniter.php(354): CodeIgniter\CodeIgniter->handleRequest(NULL, Object(Config\Cache), false)
#10 C:\Users\fabio\PhpstormProjects\qrArt\system\Boot.php(363): CodeIgniter\CodeIgniter->run()
#11 C:\Users\fabio\PhpstormProjects\qrArt\system\Boot.php(68): CodeIgniter\Boot::runCodeIgniter(Object(CodeIgniter\CodeIgniter))
#12 C:\Users\fabio\PhpstormProjects\qrArt\public\index.php(56): CodeIgniter\Boot::bootWeb(Object(Config\Paths))
#13 C:\Users\fabio\PhpstormProjects\qrArt\system\rewrite.php(44): require_once('C:\\Users\\fabio\\...')
#14 {main}
